<?xml version="1.0" encoding="UTF-8"?>
<testsuite xmlns:xsi="http://www.w3.org/2001/XMLSchema-instance" xsi:noNamespaceSchemaLocation="https://maven.apache.org/surefire/maven-surefire-plugin/xsd/surefire-test-report-3.0.xsd" version="3.0" name="com.example.samplemaven.SampleMavenApplicationTests" time="1.04" tests="1" errors="0" skipped="0" failures="0">
  <properties>
[...]
</properties>
  <testcase name="contextLoads" classname="com.example.samplemaven.SampleMavenApplicationTests" time="0.413">
    <system-out><![CDATA[12:37:32.867 [main] INFO org.springframework.test.context.support.AnnotationConfigContextLoaderUtils -- Could not detect default configuration classes for test class [com.example.samplemaven.SampleMavenApplicationTests]: SampleMavenApplicationTests does not declare any static, non-private, non-final, nested classes annotated with @Configuration.
12:37:32.905 [main] INFO org.springframework.boot.test.context.SpringBootTestContextBootstrapper -- Found @SpringBootConfiguration com.example.samplemaven.SampleMavenApplication for test class com.example.samplemaven.SampleMavenApplicationTests

  .   ____          _            __ _ _
 /\\ / ___'_ __ _ _(_)_ __  __ _ \ \ \ \
( ( )\___ | '_ | '_| | '_ \/ _` | \ \ \ \
 \\/  ___)| |_)| | | | | || (_| |  ) ) ) )
  '  |____| .__|_| |_|_| |_\__, | / / / /
 =========|_|==============|___/=/_/_/_/
 :: Spring Boot ::                (v3.1.5)

2023-10-27T12:37:33.034+05:30  INFO 10201 --- [           main] c.e.s.SampleMavenApplicationTests        : Starting SampleMavenApplicationTests using Java 21.0.1 with PID 10201 (started by akshai in /Users/akshai/Desktop/hello/sample-maven)
2023-10-27T12:37:33.035+05:30  INFO 10201 --- [           main] c.e.s.SampleMavenApplicationTests        : No active profile set, falling back to 1 default profile: "default"
2023-10-27T12:37:33.412+05:30  INFO 10201 --- [           main] c.e.s.SampleMavenApplicationTests        : Started SampleMavenApplicationTests in 0.466 seconds (process running for 0.818)
]]></system-out>
    <system-err><![CDATA[WARNING: A Java agent has been loaded dynamically (/Users/akshai/.m2/repository/net/bytebuddy/byte-buddy-agent/1.14.9/byte-buddy-agent-1.14.9.jar)
WARNING: If a serviceability tool is in use, please run with -XX:+EnableDynamicAgentLoading to hide this warning
WARNING: If a serviceability tool is not in use, please run with -Djdk.instrument.traceUsage for more information
WARNING: Dynamic loading of agents will be disallowed by default in a future release
]]></system-err>
  </testcase>
</testsuite>